This is pdfTeX, Version 3.14159265-2.6-1.40.21 (MiKTeX 20.6.29) (preloaded format=pdflatex 2020.8.8)  23 AUG 2020 14:59
entering extended mode
**./cv.tex
(cv.tex
LaTeX2e <2020-02-02> patch level 5
L3 programming layer <2020-07-17> (res.cls
Document Style `res' <26 Sep 89>.
Document Class: res 2000/05/19 v1.4b Resume class
("/Library/Application Support/MiKTeX/texmfs/install/tex/latex/base/article.cls
"
Document Class: article 2019/12/20 v1.4l Standard LaTeX document class
("/Library/Application Support/MiKTeX/texmfs/install/tex/latex/base/size10.clo"
File: size10.clo 2019/12/20 v1.4l Standard LaTeX file (size option)
)
\c@part=\count168
\c@section=\count169
\c@subsection=\count170
\c@subsubsection=\count171
\c@paragraph=\count172
\c@subparagraph=\count173
\c@figure=\count174
\c@table=\count175
\abovecaptionskip=\skip47
\belowcaptionskip=\skip48
\bibindent=\dimen134
)
No auxiliary output files.

\tabular@text=\toks15
\tabular@head=\toks16
\tabular@tail=\toks17
\@ta=\toks18
\undefined@token=\toks19
\sectionwidth=\dimen135
\sectionskip=\skip49
\resumewidth=\dimen136
\@columnwidth=\dimen137
\c@numberofcolumns=\count176
)
("/Library/Application Support/MiKTeX/texmfs/install/tex/latex/xcolor/xcolor.st
y"
Package: xcolor 2016/05/11 v2.12 LaTeX color extensions (UK)

("/Library/Application Support/MiKTeX/texmfs/install/tex/latex/graphics-cfg/col
or.cfg"
File: color.cfg 2016/01/02 v1.6 sample color configuration
)
Package xcolor Info: Driver file: pdftex.def on input line 225.

("/Library/Application Support/MiKTeX/texmfs/install/tex/latex/graphics-def/pdf
tex.def"
File: pdftex.def 2018/01/08 v1.0l Graphics/color driver for pdftex
)
Package xcolor Info: Model `cmy' substituted by `cmy0' on input line 1348.
Package xcolor Info: Model `hsb' substituted by `rgb' on input line 1352.
Package xcolor Info: Model `RGB' extended on input line 1364.
Package xcolor Info: Model `HTML' substituted by `rgb' on input line 1366.
Package xcolor Info: Model `Hsb' substituted by `hsb' on input line 1367.
Package xcolor Info: Model `tHsb' substituted by `hsb' on input line 1368.
Package xcolor Info: Model `HSB' substituted by `hsb' on input line 1369.
Package xcolor Info: Model `Gray' substituted by `gray' on input line 1370.
Package xcolor Info: Model `wave' substituted by `hsb' on input line 1371.

("/Library/Application Support/MiKTeX/texmfs/install/tex/latex/graphics/dvipsna
m.def"
File: dvipsnam.def 2016/06/17 v3.0m Driver-dependent file (DPC,SPQR)
))
("/Users/Nicholas/Library/Application Support/MiKTeX/texmfs/install/tex/latex/a
djustbox/adjustbox.sty"
Package: adjustbox 2019/01/04 v1.2 Adjusting TeX boxes (trim, clip, ...)

("/Library/Application Support/MiKTeX/texmfs/install/tex/latex/xkeyval/xkeyval.
sty"
Package: xkeyval 2014/12/03 v2.7a package option processing (HA)

("/Library/Application Support/MiKTeX/texmfs/install/tex/generic/xkeyval/xkeyva
l.tex"
("/Library/Application Support/MiKTeX/texmfs/install/tex/generic/xkeyval/xkvuti
ls.tex"
\XKV@toks=\toks20
\XKV@tempa@toks=\toks21

("/Library/Application Support/MiKTeX/texmfs/install/tex/generic/xkeyval/keyval
.tex"))
\XKV@depth=\count177
File: xkeyval.tex 2014/12/03 v2.7a key=value parser (HA)
))
("/Users/Nicholas/Library/Application Support/MiKTeX/texmfs/install/tex/latex/a
djustbox/adjcalc.sty"
Package: adjcalc 2012/05/16 v1.1 Provides advanced setlength with multiple back
-ends (calc, etex, pgfmath)
)
("/Users/Nicholas/Library/Application Support/MiKTeX/texmfs/install/tex/latex/a
djustbox/trimclip.sty"
Package: trimclip 2018/04/08 v1.1 Trim and clip general TeX material

("/Library/Application Support/MiKTeX/texmfs/install/tex/latex/graphics/graphic
x.sty"
Package: graphicx 2019/11/30 v1.2a Enhanced LaTeX Graphics (DPC,SPQR)

("/Library/Application Support/MiKTeX/texmfs/install/tex/latex/graphics/graphic
s.sty"
Package: graphics 2019/11/30 v1.4a Standard LaTeX Graphics (DPC,SPQR)

("/Library/Application Support/MiKTeX/texmfs/install/tex/latex/graphics/trig.st
y"
Package: trig 2016/01/03 v1.10 sin cos tan (DPC)
)
("/Library/Application Support/MiKTeX/texmfs/install/tex/latex/graphics-cfg/gra
phics.cfg"
File: graphics.cfg 2016/06/04 v1.11 sample graphics configuration
)
Package graphics Info: Driver file: pdftex.def on input line 105.
)
\Gin@req@height=\dimen138
\Gin@req@width=\dimen139
)
("/Users/Nicholas/Library/Application Support/MiKTeX/texmfs/install/tex/latex/c
ollectbox/collectbox.sty"
Package: collectbox 2012/05/17 v0.4b Collect macro arguments as boxes
\collectedbox=\box45
)
\tc@llx=\dimen140
\tc@lly=\dimen141
\tc@urx=\dimen142
\tc@ury=\dimen143
Package trimclip Info: Using driver 'tc-pdftex.def'.

("/Users/Nicholas/Library/Application Support/MiKTeX/texmfs/install/tex/latex/a
djustbox/tc-pdftex.def"
File: tc-pdftex.def 2019/01/04 v2.2 Clipping driver for pdftex
))
\adjbox@Width=\dimen144
\adjbox@Height=\dimen145
\adjbox@Depth=\dimen146
\adjbox@Totalheight=\dimen147
\adjbox@pwidth=\dimen148
\adjbox@pheight=\dimen149
\adjbox@pdepth=\dimen150
\adjbox@ptotalheight=\dimen151

("/Users/Nicholas/Library/Application Support/MiKTeX/texmfs/install/tex/latex/i
foddpage/ifoddpage.sty"
Package: ifoddpage 2016/04/23 v1.1 Conditionals for odd/even page detection
\c@checkoddpage=\count178
)
("/Users/Nicholas/Library/Application Support/MiKTeX/texmfs/install/tex/latex/v
arwidth/varwidth.sty"
Package: varwidth 2009/03/30 ver 0.92;  Variable-width minipages
\@vwid@box=\box46
\sift@deathcycles=\count179
\@vwid@loff=\dimen152
\@vwid@roff=\dimen153
))
("/Users/Nicholas/Library/Application Support/MiKTeX/texmfs/install/tex/latex/p
snfss/times.sty"
Package: times 2020/03/25 PSNFSS-v9.3 (SPQR) 
)
("/Users/Nicholas/Library/Application Support/MiKTeX/texmfs/install/tex/latex/s
etspace/setspace.sty"
Package: setspace 2011/12/19 v6.7a set line spacing
)
("/Users/Nicholas/Library/Application Support/MiKTeX/texmfs/install/tex/latex/p
reprint/fullpage.sty"
Package: fullpage 1999/02/23 1.1 (PWD)
\FP@margin=\skip50
)
("/Library/Application Support/MiKTeX/texmfs/install/tex/latex/base/inputenc.st
y"
Package: inputenc 2018/08/11 v1.3c Input encoding file
\inpenc@prehook=\toks22
\inpenc@posthook=\toks23

("/Library/Application Support/MiKTeX/texmfs/install/tex/latex/base/latin9.def"
File: latin9.def 2018/08/11 v1.3c Input encoding file
))
("/Library/Application Support/MiKTeX/texmfs/install/tex/latex/base/fontenc.sty
"
Package: fontenc 2020/02/11 v2.0o Standard LaTeX package
LaTeX Font Info:    Trying to load font information for T1+ptm on input line 11
2.

("/Users/Nicholas/Library/Application Support/MiKTeX/texmfs/install/tex/latex/p
snfss/t1ptm.fd"
File: t1ptm.fd 2001/06/04 font definitions for T1/ptm.
))
("/Users/Nicholas/Library/Application Support/MiKTeX/texmfs/install/tex/latex/m
map/mmap.sty"
Package: mmap 2008/08/11 v1.03 CMAP support for math in PDF

("/Users/Nicholas/Library/Application Support/MiKTeX/texmfs/install/tex/latex/c
map/cmap.sty"
Package: cmap 2008/03/06 v1.0h CMap support: searchable PDF


Package cmap Warning: fontenc already loaded - some fonts may be unprocessed.

)
("/Library/Application Support/MiKTeX/texmfs/install/tex/generic/iftex/ifpdf.st
y"
Package: ifpdf 2019/10/25 v3.4 ifpdf legacy package. Use iftex instead.

("/Library/Application Support/MiKTeX/texmfs/install/tex/generic/iftex/iftex.st
y"
Package: iftex 2020/03/06 v1.0d TeX engine tests
)))
("/Library/Application Support/MiKTeX/texmfs/install/tex/latex/base/textcomp.st
y"
Package: textcomp 2020/02/02 v2.0n Standard LaTeX package
)
("/Library/Application Support/MiKTeX/texmfs/install/tex/latex/hyperref/hyperre
f.sty"
Package: hyperref 2020-05-15 v7.00e Hypertext links for LaTeX

("/Users/Nicholas/Library/Application Support/MiKTeX/texmfs/install/tex/generic
/ltxcmds/ltxcmds.sty"
Package: ltxcmds 2019/12/15 v1.24 LaTeX kernel commands for general use (HO)
)
("/Library/Application Support/MiKTeX/texmfs/install/tex/generic/pdftexcmds/pdf
texcmds.sty"
Package: pdftexcmds 2020-06-27 v0.33 Utility functions of pdfTeX for LuaTeX (HO
)

("/Users/Nicholas/Library/Application Support/MiKTeX/texmfs/install/tex/generic
/infwarerr/infwarerr.sty"
Package: infwarerr 2019/12/03 v1.5 Providing info/warning/error messages (HO)
)
Package pdftexcmds Info: \pdf@primitive is available.
Package pdftexcmds Info: \pdf@ifprimitive is available.
Package pdftexcmds Info: \pdfdraftmode found.
)
("/Users/Nicholas/Library/Application Support/MiKTeX/texmfs/install/tex/generic
/kvsetkeys/kvsetkeys.sty"
Package: kvsetkeys 2019/12/15 v1.18 Key value parser (HO)
)
("/Users/Nicholas/Library/Application Support/MiKTeX/texmfs/install/tex/generic
/kvdefinekeys/kvdefinekeys.sty"
Package: kvdefinekeys 2019-12-19 v1.6 Define keys (HO)
)
("/Users/Nicholas/Library/Application Support/MiKTeX/texmfs/install/tex/generic
/pdfescape/pdfescape.sty"
Package: pdfescape 2019/12/09 v1.15 Implements pdfTeX's escape features (HO)
)
("/Users/Nicholas/Library/Application Support/MiKTeX/texmfs/install/tex/latex/h
ycolor/hycolor.sty"
Package: hycolor 2020-01-27 v1.10 Color options for hyperref/bookmark (HO)
)
("/Users/Nicholas/Library/Application Support/MiKTeX/texmfs/install/tex/latex/l
etltxmacro/letltxmacro.sty"
Package: letltxmacro 2019/12/03 v1.6 Let assignment for LaTeX macros (HO)
)
("/Users/Nicholas/Library/Application Support/MiKTeX/texmfs/install/tex/latex/a
uxhook/auxhook.sty"
Package: auxhook 2019-12-17 v1.6 Hooks for auxiliary files (HO)
)
("/Users/Nicholas/Library/Application Support/MiKTeX/texmfs/install/tex/latex/k
voptions/kvoptions.sty"
Package: kvoptions 2019/11/29 v3.13 Key value format for package options (HO)
)
\@linkdim=\dimen154
\Hy@linkcounter=\count180
\Hy@pagecounter=\count181

("/Library/Application Support/MiKTeX/texmfs/install/tex/latex/hyperref/pd1enc.
def"
File: pd1enc.def 2020-05-15 v7.00e Hyperref: PDFDocEncoding definition (HO)
Now handling font encoding PD1 ...
... no UTF-8 mapping file for font encoding PD1
)
("/Users/Nicholas/Library/Application Support/MiKTeX/texmfs/install/tex/generic
/intcalc/intcalc.sty"
Package: intcalc 2019/12/15 v1.3 Expandable calculations with integers (HO)
)
("/Users/Nicholas/Library/Application Support/MiKTeX/texmfs/install/tex/generic
/etexcmds/etexcmds.sty"
Package: etexcmds 2019/12/15 v1.7 Avoid name clashes with e-TeX commands (HO)
)
\Hy@SavedSpaceFactor=\count182
Package hyperref Info: Hyper figures OFF on input line 4464.
Package hyperref Info: Link nesting OFF on input line 4469.
Package hyperref Info: Hyper index ON on input line 4472.
Package hyperref Info: Plain pages OFF on input line 4479.
Package hyperref Info: Backreferencing OFF on input line 4484.
Package hyperref Info: Implicit mode ON; LaTeX internals redefined.
Package hyperref Info: Bookmarks ON on input line 4717.
\c@Hy@tempcnt=\count183

("/Library/Application Support/MiKTeX/texmfs/install/tex/latex/url/url.sty"
\Urlmuskip=\muskip16
Package: url 2013/09/16  ver 3.4  Verb mode for urls, etc.
)
LaTeX Info: Redefining \url on input line 5076.
\XeTeXLinkMargin=\dimen155

("/Users/Nicholas/Library/Application Support/MiKTeX/texmfs/install/tex/generic
/bitset/bitset.sty"
Package: bitset 2019/12/09 v1.3 Handle bit-vector datatype (HO)

("/Users/Nicholas/Library/Application Support/MiKTeX/texmfs/install/tex/generic
/bigintcalc/bigintcalc.sty"
Package: bigintcalc 2019/12/15 v1.5 Expandable calculations on big integers (HO
)
))
\Fld@menulength=\count184
\Field@Width=\dimen156
\Fld@charsize=\dimen157
Package hyperref Info: Hyper figures OFF on input line 6347.
Package hyperref Info: Link nesting OFF on input line 6352.
Package hyperref Info: Hyper index ON on input line 6355.
Package hyperref Info: backreferencing OFF on input line 6362.
Package hyperref Info: Link coloring OFF on input line 6367.
Package hyperref Info: Link coloring with OCG OFF on input line 6372.
Package hyperref Info: PDF/A mode OFF on input line 6377.
LaTeX Info: Redefining \ref on input line 6417.
LaTeX Info: Redefining \pageref on input line 6421.

("/Users/Nicholas/Library/Application Support/MiKTeX/texmfs/install/tex/generic
/atbegshi/atbegshi.sty"
Package: atbegshi 2019/12/05 v1.19 At begin shipout hook (HO)
)
\Hy@abspage=\count185
\c@Item=\count186
\c@Hfootnote=\count187
)
Package hyperref Info: Driver (autodetected): hpdftex.

("/Library/Application Support/MiKTeX/texmfs/install/tex/latex/hyperref/hpdftex
.def"
File: hpdftex.def 2020-05-15 v7.00e Hyperref driver for pdfTeX

("/Users/Nicholas/Library/Application Support/MiKTeX/texmfs/install/tex/latex/a
tveryend/atveryend.sty"
Package: atveryend 2019-12-11 v1.11 Hooks at the very end of document (HO)
Package atveryend Info: \enddocument detected (standard20110627).
)
\Fld@listcount=\count188
\c@bookmark@seq@number=\count189

("/Users/Nicholas/Library/Application Support/MiKTeX/texmfs/install/tex/latex/r
erunfilecheck/rerunfilecheck.sty"
Package: rerunfilecheck 2019/12/05 v1.9 Rerun checks for auxiliary files (HO)

("/Users/Nicholas/Library/Application Support/MiKTeX/texmfs/install/tex/generic
/uniquecounter/uniquecounter.sty"
Package: uniquecounter 2019/12/15 v1.4 Provide unlimited unique counter (HO)
)
Package uniquecounter Info: New unique counter `rerunfilecheck' on input line 2
86.
)
\Hy@SectionHShift=\skip51
)
Package hyperref Info: Option `pdffitwindow' set `true' on input line 35.
Package hyperref Info: Option `pdfnewwindow' set `true' on input line 35.
Package hyperref Info: Option `colorlinks' set `true' on input line 35.

("/Users/Nicholas/Library/Application Support/MiKTeX/texmfs/install/tex/latex/d
atetime/datetime.sty"
Package: datetime 2015/03/20 v2.60 Date Time Package

("/Library/Application Support/MiKTeX/texmfs/install/tex/latex/etoolbox/etoolbo
x.sty"
Package: etoolbox 2020/07/15 v2.5i e-TeX tools for LaTeX (JAW)
\etb@tempcnta=\count190
)
("/Users/Nicholas/Library/Application Support/MiKTeX/texmfs/install/tex/latex/f
mtcount/fmtcount.sty"
Package: fmtcount 2020/01/30 v3.07

("/Library/Application Support/MiKTeX/texmfs/install/tex/latex/base/ifthen.sty"
Package: ifthen 2014/09/29 v1.1c Standard LaTeX ifthen package (DPC)
)
("/Users/Nicholas/Library/Application Support/MiKTeX/texmfs/install/tex/latex/f
mtcount/fcprefix.sty"
Package: fcprefix 2012/09/28

("/Users/Nicholas/Library/Application Support/MiKTeX/texmfs/install/tex/latex/f
mtcount/fcnumparser.sty"
Package: fcnumparser 2017/06/15
\fc@digit@counter=\count191
))
("/Library/Application Support/MiKTeX/texmfs/install/tex/latex/amsmath/amsgen.s
ty"
File: amsgen.sty 1999/11/30 v2.0 generic functions
\@emptytoks=\toks24
\ex@=\dimen158
)
\c@padzeroesN=\count192
\fc@tmpcatcode=\count193
\@DT@modctr=\count194
\@ordinalctr=\count195
\@orgargctr=\count196
\@strctr=\count197
\@tmpstrctr=\count198
\@DT@loopN=\count199
\@DT@X=\count266
)
("/Users/Nicholas/Library/Application Support/MiKTeX/texmfs/install/tex/latex/d
atetime/datetime-defaults.sty"
Package: datetime-defaults 2013/09/10
)
\@day=\count267
\@month=\count268
\@year=\count269
\c@HOUR=\count270
\c@HOURXII=\count271
\c@MINUTE=\count272
\c@TOHOUR=\count273
\c@TOMINUTE=\count274
\c@SECOND=\count275
\currenthour=\count276
\currentminute=\count277
\currentsecond=\count278
Package datetime Info: No datetime.cfg file found, using default settings on in
put line 308.
\@dtctr=\count279
\dayofyear=\count280
\dayofweek=\count281
LaTeX Info: Redefining \today on input line 736.
\dt@a=\toks25
\dt@b=\toks26
)
("/Users/Nicholas/Library/Application Support/MiKTeX/texmfs/install/tex/latex/f
ancyhdr/fancyhdr.sty"
Package: fancyhdr 2019/01/31 v3.10 Extensive control of page headers and footer
s
\f@nch@headwidth=\skip52
\f@nch@O@elh=\skip53
\f@nch@O@erh=\skip54
\f@nch@O@olh=\skip55
\f@nch@O@orh=\skip56
\f@nch@O@elf=\skip57
\f@nch@O@erf=\skip58
\f@nch@O@olf=\skip59
\f@nch@O@orf=\skip60
)
("/Library/Application Support/MiKTeX/texmfs/install/tex/latex/l3backend/l3back
end-pdfmode.def"
File: l3backend-pdfmode.def 2020-06-29 L3 backend support: PDF mode
\l__kernel_color_stack_int=\count282
\l__pdf_internal_box=\box47
)
No file cv.aux.
LaTeX Font Info:    Checking defaults for OML/cmm/m/it on input line 81.
LaTeX Font Info:    ... okay on input line 81.
LaTeX Font Info:    Checking defaults for OMS/cmsy/m/n on input line 81.
LaTeX Font Info:    ... okay on input line 81.
LaTeX Font Info:    Checking defaults for OT1/cmr/m/n on input line 81.
LaTeX Font Info:    ... okay on input line 81.
LaTeX Font Info:    Checking defaults for T1/cmr/m/n on input line 81.
LaTeX Font Info:    ... okay on input line 81.
LaTeX Font Info:    Checking defaults for TS1/cmr/m/n on input line 81.
LaTeX Font Info:    ... okay on input line 81.
LaTeX Font Info:    Checking defaults for OMX/cmex/m/n on input line 81.
LaTeX Font Info:    ... okay on input line 81.
LaTeX Font Info:    Checking defaults for U/cmr/m/n on input line 81.
LaTeX Font Info:    ... okay on input line 81.
LaTeX Font Info:    Checking defaults for PD1/pdf/m/n on input line 81.
LaTeX Font Info:    ... okay on input line 81.
<<t1-m.cmap>>
("/Library/Application Support/MiKTeX/texmfs/install/tex/context/base/mkii/supp
-pdf.mkii"
[Loading MPS to PDF converter (version 2006.09.02).]
\scratchcounter=\count283
\scratchdimen=\dimen159
\scratchbox=\box48
\nofMPsegments=\count284
\nofMParguments=\count285
\everyMPshowfont=\toks27
\MPscratchCnt=\count286
\MPscratchDim=\dimen160
\MPnumerator=\count287
\makeMPintoPDFobject=\count288
\everyMPtoPDFconversion=\toks28
)
("/Library/Application Support/MiKTeX/texmfs/install/tex/latex/epstopdf-pkg/eps
topdf-base.sty"
Package: epstopdf-base 2020-01-24 v2.11 Base part for package epstopdf
Package epstopdf-base Info: Redefining graphics rule for `.eps' on input line 4
85.
)
\AtBeginShipoutBox=\box49
Package hyperref Info: Link coloring ON on input line 81.

("/Library/Application Support/MiKTeX/texmfs/install/tex/latex/hyperref/nameref
.sty"
Package: nameref 2019/09/16 v2.46 Cross-referencing by name of section

("/Users/Nicholas/Library/Application Support/MiKTeX/texmfs/install/tex/latex/r
efcount/refcount.sty"
Package: refcount 2019/12/15 v3.6 Data extraction from label references (HO)
)
("/Users/Nicholas/Library/Application Support/MiKTeX/texmfs/install/tex/generic
/gettitlestring/gettitlestring.sty"
Package: gettitlestring 2019/12/15 v1.6 Cleanup title references (HO)
)
\c@section@level=\count289
)
LaTeX Info: Redefining \ref on input line 81.
LaTeX Info: Redefining \pageref on input line 81.
LaTeX Info: Redefining \nameref on input line 81.

("/Users/Nicholas/Library/Application Support/MiKTeX/texmfs/install/tex/latex/f
mtcount/fc-english.def"
File: fc-english.def 2016/01/12
)
Underfull \hbox (badness 10000) in paragraph at lines 84--87

 []


Underfull \hbox (badness 10000) in paragraph at lines 84--87

 []

<<ot1rmn-m.cmap>><<omlmit-m.cmap>><<oms-m.cmap>>
LaTeX Font Info:    External font `cmex10' loaded for size
(Font)              <7> on input line 93.
LaTeX Font Info:    OMX-m encoding encountered on input line 93.
<<omx-m.cmap>>
LaTeX Font Info:    External font `cmex10' loaded for size
(Font)              <5> on input line 93.
LaTeX Font Info:    OMX-m encoding encountered on input line 93.
Package atveryend Info: Empty hook `BeforeClearDocument' on input line 186.
 [1


\providecommand \oddpage@label [2]{}
{/Users/Nicholas/Library/Application Support/MiKTeX/texmfs/data/pdftex/config/p
dftex.map}]
Package atveryend Info: Empty hook `AfterLastShipout' on input line 186.
Package atveryend Info: Executing hook `AtVeryEndDocument' on input line 186.
Package atveryend Info: Empty hook `AtEndAfterFileList' on input line 186.
Package atveryend Info: Empty hook `AtVeryVeryEnd' on input line 186.
 ) 
Here is how much of TeX's memory you used:
 8353 strings out of 481226
 130554 string characters out of 2903336
 414087 words of memory out of 3000000
 23735 multiletter control sequences out of 15000+200000
 548400 words of font info for 38 fonts, out of 3000000 for 9000
 1141 hyphenation exceptions out of 8191
 51i,11n,45p,1077b,311s stack positions out of 5000i,500n,10000p,200000b,50000s
{/Library/Application Support/MiKTeX/texmfs/install/fonts/enc/dvips/base/8r.e
nc}</Library/Application Support/MiKTeX/texmfs/install/fonts/type1/urw/times/ut
mb8a.pfb></Library/Application Support/MiKTeX/texmfs/install/fonts/type1/urw/ti
mes/utmr8a.pfb>
Output written on cv.pdf (1 page, 42785 bytes).
PDF statistics:
 28 PDF objects out of 1000 (max. 8388607)
 2 named destinations out of 1000 (max. 500000)
 21 words of extra memory for PDF output out of 10000 (max. 10000000)

